2025-04-12 14:28:28.003762 - admin - FAILURE
2025-04-12 14:28:36.346236 - admin - SUCCESS
2025-04-12 17:44:44.104099 - User: admin - Success
2025-04-14 15:26:10.292439 - User: admin - Success
2025-04-15 13:44:56.659565 - User: admin - Success
2025-04-15 20:20:28.942183 - User: admin - Success
2025-04-15 21:14:02.241785 - User: admin - Success
2025-04-15 21:16:05.048195 - User: admin - Success
2025-04-15 21:58:01.260409 - User: admin - Success
2025-04-15 22:07:42.258528 - User: admin - Success
2025-04-15 22:07:44.039175 - User: admin - Success
2025-04-15 22:07:46.542543 - User: admin - Success
2025-04-16 02:11:10.435869 - User: admin - Success
2025-04-16 02:11:27.561627 - User: admin - Success
2025-04-16 02:11:30.079946 - User: admin - Success
2025-04-16 02:11:37.604730 - User: admin - Failure
2025-04-16 02:11:50.718970 - User: admin - Success
2025-04-16 02:29:48.211681 - User: admin - Success
2025-04-16 02:29:58.966604 - User: admin - Success
2025-04-16 02:30:52.971477 - User: admin - Success
2025-04-16 02:56:27.195224 - User: admin - Success
2025-04-16 13:43:51.383678 - User: admin - Success
2025-04-16 13:45:48.254399 - User: admin - Success
2025-04-16 16:12:13.657960 - User: admin - Success
2025-04-16 17:01:03.358297 - User: admin - Success
2025-04-16 17:24:52.058556 - User: admin - Success
2025-04-16 17:41:12.407412 - User: admin - Success
2025-04-16 17:52:06.195019 - User:  - Failure
2025-04-16 17:52:11.242909 - User: admin - Success
2025-04-17 16:42:19.851780 - User: admin - Success
2025-04-21 12:31:26.884313 - User: admin - Success
2025-04-21 13:18:53.606688 - User: admin - Success
2025-04-21 14:50:16.925683 - User: admin - Success
2025-04-21 15:08:12.597593 - User:  - Failure
2025-04-21 15:08:21.694267 - User: admin - Success
2025-04-21 15:10:29.949670 - User: usered - Success
2025-04-21 15:32:48.956742 - User: admin - Success
2025-04-21 15:58:03.014538 - User: usered - Success
2025-04-21 16:31:29.297872 - User: admin - Success
2025-04-21 16:43:26.957590 - User: admin - Success
2025-04-21 17:03:00.079378 - User: admin - Success
2025-04-21 17:20:59.589594 - User: admin - Success
2025-04-21 17:21:17.746809 - User: admin - Success
2025-04-21 17:44:50.028296 - User: admin - Success
2025-04-21 17:54:35.587824 - User: admin - Success
2025-04-25 13:05:21.614660 - User: admin - Success
2025-04-28 12:49:42.101123 - User: admin - Success
